Traceback (most recent call last):
  File "/home/rodolpho/Projects/bayesian/BAYES/lib/python3.8/site-packages/jupyter_cache/executors/utils.py", line 51, in single_nb_execution
    executenb(
  File "/home/rodolpho/Projects/bayesian/BAYES/lib/python3.8/site-packages/nbclient/client.py", line 1117, in execute
    return NotebookClient(nb=nb, resources=resources, km=km, **kwargs).execute()
  File "/home/rodolpho/Projects/bayesian/BAYES/lib/python3.8/site-packages/nbclient/util.py", line 78, in wrapped
    return just_run(coro(*args, **kwargs))
  File "/home/rodolpho/Projects/bayesian/BAYES/lib/python3.8/site-packages/nbclient/util.py", line 57, in just_run
    return loop.run_until_complete(coro)
  File "/usr/lib/python3.8/asyncio/base_events.py", line 616, in run_until_complete
    return future.result()
  File "/home/rodolpho/Projects/bayesian/BAYES/lib/python3.8/site-packages/nbclient/client.py", line 558, in async_execute
    await self.async_execute_cell(
  File "/home/rodolpho/Projects/bayesian/BAYES/lib/python3.8/site-packages/nbclient/client.py", line 862, in async_execute_cell
    self._check_raise_for_error(cell, exec_reply)
  File "/home/rodolpho/Projects/bayesian/BAYES/lib/python3.8/site-packages/nbclient/client.py", line 765, in _check_raise_for_error
    raise CellExecutionError.from_cell_and_msg(cell, exec_reply_content)
nbclient.exceptions.CellExecutionError: An error occurred while executing the following cell:
------------------
H = pd.DataFrame([ sim_p(1.4) for _ in range(10000)], columns=('entropies', 'distributions'))

plt.figure(figsize=(17, 6))

plt.hist(H.entropies, desity)

plt.title('Entropy - Binomial')
plt.xlabel('Entropy')
plt.ylabel('Density')

plt.show()
------------------

[0;31m---------------------------------------------------------------------------[0m
[0;31mNameError[0m                                 Traceback (most recent call last)
[0;32m/tmp/ipykernel_12546/2515220492.py[0m in [0;36m<module>[0;34m[0m
[1;32m      3[0m [0mplt[0m[0;34m.[0m[0mfigure[0m[0;34m([0m[0mfigsize[0m[0;34m=[0m[0;34m([0m[0;36m17[0m[0;34m,[0m [0;36m6[0m[0;34m)[0m[0;34m)[0m[0;34m[0m[0;34m[0m[0m
[1;32m      4[0m [0;34m[0m[0m
[0;32m----> 5[0;31m [0mplt[0m[0;34m.[0m[0mhist[0m[0;34m([0m[0mH[0m[0;34m.[0m[0mentropies[0m[0;34m,[0m [0mdesity[0m[0;34m)[0m[0;34m[0m[0;34m[0m[0m
[0m[1;32m      6[0m [0;34m[0m[0m
[1;32m      7[0m [0mplt[0m[0;34m.[0m[0mtitle[0m[0;34m([0m[0;34m'Entropy - Binomial'[0m[0;34m)[0m[0;34m[0m[0;34m[0m[0m

[0;31mNameError[0m: name 'desity' is not defined
NameError: name 'desity' is not defined

